<?xml version="1.0" encoding="UTF-8"?>
<testsuite name="HelloWorldKtTest" tests="1" skipped="0" failures="0" errors="0" timestamp="2021-01-09T11:23:13" hostname="DESKTOP-CV30VTA" time="0.001">
  <properties/>
  <testcase name="someTest" classname="HelloWorldKtTest" time="0.001"/>
  <system-out><![CDATA[]]></system-out>
  <system-err><![CDATA[]]></system-err>
</testsuite>
